ncverilog(64): 15.20-s058: (c) Copyright 1995-2018 Cadence Design Systems, Inc.
TOOL:	ncverilog	15.20-s058: Started on Aug 11, 2020 at 16:05:04 BST
ncverilog
	-sv
	testbench/arm_soc_stim.sv
	-y
	behavioural
	+libext+.sv
	+gui
	+ncaccess+r
	+tcl+testbench/arm_soc.tcl
	+define+prog_file=software/code.hex
ncsim: *W,DSEM2009: This SystemVerilog design is simulated as per IEEE 1800-2009 SystemVerilog simulation semantics. Use -disable_sem2009 option for turning off SV 2009 simulation semantics.

-------------------------------------
Relinquished control to SimVision...
ncsim> 
ncsim> source /eda/cadence/incisiv/tools/inca/files/ncsimrc
ncsim> # SimVision command script arm_soc.tcl
ncsim> 
ncsim> simvision {
> 
>   # Open new waveform window
> 
>     window new WaveWindow  -name  "Waves for ARM SoC Example"
>     waveform  using  "Waves for ARM SoC Example"
> 
>   # Add Waves
> 
>     waveform  add  -signals  arm_soc_stim.HCLK
>     waveform  add  -signals  arm_soc_stim.HRESETn
>     waveform  add  -signals  arm_soc_stim.Switches
>     waveform  add  -signals  arm_soc_stim.Buttons
>     waveform  add  -signals  arm_soc_stim.x1
>     waveform  add  -signals  arm_soc_stim.x2
>     waveform  add  -signals  arm_soc_stim.y1
>     waveform  add  -signals  arm_soc_stim.y2    
>     waveform  add  -signals  arm_soc_stim.LOCKUP
>     waveform  add  -signals  arm_soc_stim.dut.HADDR
>     waveform  add  -signals  arm_soc_stim.dut.HWRITE
>     waveform  add  -signals  arm_soc_stim.dut.HSEL_RAM
>     waveform  add  -signals  arm_soc_stim.dut.HSEL_SW
>     waveform  add  -signals  arm_soc_stim.dut.HSEL_DOUT
> 
> }
ncsim> 
ncsim> database -open waves -into waves.shm -default
Created default SHM database waves
ncsim> probe -create -shm arm_soc_stim.HCLK arm_soc_stim.HRESETn arm_soc_stim.Switches arm_soc_stim.Buttons arm_soc_stim.x1 arm_soc_stim.x2 arm_soc_stim.y1 arm_soc_stim.y2 arm_soc_stim.LOCKUP arm_soc_stim.dut.HADDR arm_soc_stim.dut.HWRITE arm_soc_stim.dut.HSEL_RAM arm_soc_stim.dut.HSEL_SW arm_soc_stim.dut.HSEL_DOUT
Created probe 1
ncsim> run
Simulation stopped via $stop(1) at time 404010 NS + 0
ncsim> ^C
ncsim> exit
TOOL:	ncverilog	15.20-s058: Exiting on Aug 11, 2020 at 16:08:45 BST  (total: 00:03:41)
